# JRE version: Java(TM) SE Runtime Environment (15.0.1+9) (build 15.0.1+9-18)
# Java VM: Java HotSpot(TM) 64-Bit Server VM (15.0.1+9-18, mixed mode, sharing, tiered, compressed oops, g1 gc, windows-amd64)
GC Precious Log:
 CPUs: 2 total, 2 available
 Memory: 3917M
 Large Page Support: Disabled
 NUMA Support: Disabled
 Compressed Oops: Enabled (32-bit)
 Heap Region Size: 1M
 Heap Min Capacity: 8M
 Heap Initial Capacity: 62M
 Heap Max Capacity: 980M
 Pre-touch: Disabled
 Parallel Workers: 2
 Concurrent Workers: 1
 Concurrent Refinement Workers: 2
 Periodic GC: Disabled
Heap:
 garbage-first heap   total 63488K, used 5312K [0x00000000c2c00000, 0x0000000100000000)
  region size 1024K, 4 young (4096K), 4 survivors (4096K)
 Metaspace       used 9747K, capacity 11854K, committed 12032K, reserved 1069056K
  class space    used 1159K, capacity 1412K, committed 1536K, reserved 1048576K
GC Heap History (6 events):
Event: 2.219 GC heap before
{Heap before GC invocations=0 (full 0):
 garbage-first heap   total 63488K, used 6144K [0x00000000c2c00000, 0x0000000100000000)
  region size 1024K, 6 young (6144K), 0 survivors (0K)
 Metaspace       used 2093K, capacity 5607K, committed 5760K, reserved 1056768K
  class space    used 168K, capacity 529K, committed 640K, reserved 1048576K
}
Event: 2.252 GC heap after
{Heap after GC invocations=1 (full 0):
 garbage-first heap   total 63488K, used 2098K [0x00000000c2c00000, 0x0000000100000000)
  region size 1024K, 1 young (1024K), 1 survivors (1024K)
 Metaspace       used 2093K, capacity 5607K, committed 5760K, reserved 1056768K
  class space    used 168K, capacity 529K, committed 640K, reserved 1048576K
}
Event: 2.880 GC heap before
{Heap before GC invocations=1 (full 0):
 garbage-first heap   total 63488K, used 6194K [0x00000000c2c00000, 0x0000000100000000)
  region size 1024K, 5 young (5120K), 1 survivors (1024K)
 Metaspace       used 3003K, capacity 6067K, committed 6272K, reserved 1056768K
  class space    used 290K, capacity 597K, committed 640K, reserved 1048576K
}
Event: 2.885 GC heap after
{Heap after GC invocations=2 (full 0):
 garbage-first heap   total 63488K, used 3141K [0x00000000c2c00000, 0x0000000100000000)
  region size 1024K, 1 young (1024K), 1 survivors (1024K)
 Metaspace       used 3003K, capacity 6067K, committed 6272K, reserved 1056768K
  class space    used 290K, capacity 597K, committed 640K, reserved 1048576K
}
Event: 3.550 GC heap before
{Heap before GC invocations=2 (full 0):
 garbage-first heap   total 63488K, used 11333K [0x00000000c2c00000, 0x0000000100000000)
  region size 1024K, 9 young (9216K), 1 survivors (1024K)
 Metaspace       used 5005K, capacity 7574K, committed 7808K, reserved 1056768K
  class space    used 560K, capacity 822K, committed 896K, reserved 1048576K
}
Event: 3.556 GC heap after
{Heap after GC invocations=3 (full 0):
 garbage-first heap   total 63488K, used 3573K [0x00000000c2c00000, 0x0000000100000000)
  region size 1024K, 2 young (2048K), 2 survivors (2048K)
 Metaspace       used 5005K, capacity 7574K, committed 7808K, reserved 1056768K
  class space    used 560K, capacity 822K, committed 896K, reserved 1048576K
}

